<?xml version="1.0" encoding="UTF-8"?>
<testng-results ignored="0" total="1" passed="1" failed="0" skipped="0">
  <reporter-output>
  </reporter-output>
  <suite started-at="2025-03-04T06:57:03 IST" name="Leaftaps" finished-at="2025-03-04T06:57:30 IST" duration-ms="27049">
    <groups>
      <group name="cucumber">
        <method signature="AbstractTestNGCucumberTests.runScenario(cucumber.api.testng.PickleEventWrapper, cucumber.api.testng.CucumberFeatureWrapper)[pri:0, instance:com.leaftaps.testcases.TC001_JustLogin@2eae8e6e]" name="runScenario" class="cucumber.api.testng.AbstractTestNGCucumberTests"/>
      </group> <!-- cucumber -->
    </groups>
    <test started-at="2025-03-04T06:57:03 IST" name="Leads" finished-at="2025-03-04T06:57:30 IST" duration-ms="27049">
      <class name="com.leaftaps.testcases.TC001_JustLogin">
        <test-method is-config="true" signature="startReport()[pri:0, instance:com.leaftaps.testcases.TC001_JustLogin@2eae8e6e]" started-at="2025-03-04T06:57:03 IST" name="startReport" finished-at="2025-03-04T06:57:03 IST" duration-ms="196" status="PASS">
          <reporter-output>
          </reporter-output>
        </test-method> <!-- startReport -->
        <test-method is-config="true" signature="setValues()[pri:0, instance:com.leaftaps.testcases.TC001_JustLogin@2eae8e6e]" started-at="2025-03-04T06:57:03 IST" name="setValues" finished-at="2025-03-04T06:57:03 IST" duration-ms="1" status="PASS">
          <reporter-output>
          </reporter-output>
        </test-method> <!-- setValues -->
        <test-method is-config="true" signature="setUpClass()[pri:0, instance:com.leaftaps.testcases.TC001_JustLogin@2eae8e6e]" started-at="2025-03-04T06:57:03 IST" name="setUpClass" finished-at="2025-03-04T06:57:03 IST" duration-ms="124" status="PASS">
          <reporter-output>
          </reporter-output>
        </test-method> <!-- setUpClass -->
        <test-method is-config="true" signature="startTestCase()[pri:0, instance:com.leaftaps.testcases.TC001_JustLogin@2eae8e6e]" started-at="2025-03-04T06:57:03 IST" name="startTestCase" finished-at="2025-03-04T06:57:03 IST" duration-ms="5" status="PASS">
          <reporter-output>
          </reporter-output>
        </test-method> <!-- startTestCase -->
        <test-method is-config="true" signature="preCondition()[pri:0, instance:com.leaftaps.testcases.TC001_JustLogin@2eae8e6e]" started-at="2025-03-04T06:57:04 IST" name="preCondition" finished-at="2025-03-04T06:57:07 IST" duration-ms="3268" status="PASS">
          <reporter-output>
          </reporter-output>
        </test-method> <!-- preCondition -->
        <test-method signature="runLogin(java.lang.String, java.lang.String)[pri:0, instance:com.leaftaps.testcases.TC001_JustLogin@2eae8e6e]" started-at="2025-03-04T06:57:07 IST" name="runLogin" data-provider="fetchData" finished-at="2025-03-04T06:57:24 IST" duration-ms="17142" status="PASS">
          <params>
            <param index="0">
              <value>
                <![CDATA[DemoCSR]]>
              </value>
            </param>
            <param index="1">
              <value>
                <![CDATA[crmsfa]]>
              </value>
            </param>
          </params>
          <reporter-output>
          </reporter-output>
        </test-method> <!-- runLogin -->
        <test-method is-config="true" signature="postCondition()[pri:0, instance:com.leaftaps.testcases.TC001_JustLogin@2eae8e6e]" started-at="2025-03-04T06:57:24 IST" name="postCondition" finished-at="2025-03-04T06:57:30 IST" duration-ms="5512" status="PASS">
          <reporter-output>
          </reporter-output>
        </test-method> <!-- postCondition -->
        <test-method is-config="true" signature="updateResult()[pri:0, instance:com.leaftaps.testcases.TC001_JustLogin@2eae8e6e]" started-at="2025-03-04T06:57:30 IST" name="updateResult" finished-at="2025-03-04T06:57:30 IST" duration-ms="345" status="PASS">
          <reporter-output>
          </reporter-output>
        </test-method> <!-- updateResult -->
        <test-method is-config="true" signature="tearDownClass()[pri:0, instance:com.leaftaps.testcases.TC001_JustLogin@2eae8e6e]" started-at="2025-03-04T06:57:30 IST" name="tearDownClass" finished-at="2025-03-04T06:57:30 IST" duration-ms="3" status="PASS">
          <reporter-output>
          </reporter-output>
        </test-method> <!-- tearDownClass -->
        <test-method is-config="true" signature="endResult()[pri:0, instance:com.leaftaps.testcases.TC001_JustLogin@2eae8e6e]" started-at="2025-03-04T06:57:30 IST" name="endResult" finished-at="2025-03-04T06:57:30 IST" duration-ms="112" status="PASS">
          <reporter-output>
          </reporter-output>
        </test-method> <!-- endResult -->
      </class> <!-- com.leaftaps.testcases.TC001_JustLogin -->
    </test> <!-- Leads -->
  </suite> <!-- Leaftaps -->
</testng-results>
